<?xml version="1.0" encoding="UTF-8"?>
<!-- Generated by org.testng.reporters.JUnitReportReporter -->
<testsuite hostname="SFT34" failures="0" tests="1" name="test_cases.Registration_test" time="4.015" errors="0" timestamp="2024-03-15T16:33:27 IST" skipped="0">
  <testcase classname="test_cases.Registration_test" name="verify_registration" time="4.015"/>
</testsuite> <!-- test_cases.Registration_test -->
