<?xml version="1.0" encoding="UTF-8"?>
<!-- Generated by org.testng.reporters.JUnitReportReporter -->
<testsuite hostname="SFT34" failures="0" tests="1" name="test_cases.Registration_logs" time="4.288" errors="0" timestamp="2024-03-20T18:26:02 IST" skipped="0">
  <testcase classname="test_cases.Registration_logs" name="verify_registration" time="4.288"/>
</testsuite> <!-- test_cases.Registration_logs -->
