<?xml version="1.0" encoding="UTF-8"?>
<!-- Generated by org.testng.reporters.JUnitReportReporter -->
<testsuite hostname="SFT34" failures="0" tests="5" name="test_cases.Login_DDtest" time="34.917" errors="0" timestamp="2024-03-14T16:26:22 IST" skipped="0">
  <testcase classname="test_cases.Login_DDtest" name="Login_testdata" time="10.644"/>
  <testcase classname="test_cases.Login_DDtest" name="Login_testdata" time="10.609"/>
  <testcase classname="test_cases.Login_DDtest" name="Login_testdata" time="10.644"/>
  <testcase classname="test_cases.Login_DDtest" name="Login_testdata" time="1.503"/>
  <testcase classname="test_cases.Login_DDtest" name="Login_testdata" time="1.517"/>
</testsuite> <!-- test_cases.Login_DDtest -->
